<?xml version="1.0" encoding="UTF-8"?>
<testng-results ignored="0" total="1" passed="1" failed="0" skipped="0">
  <reporter-output>
  </reporter-output>
  <suite started-at="2024-07-19T21:16:38 PDT" name="Default suite" finished-at="2024-07-19T21:16:50 PDT" duration-ms="11769">
    <groups>
    </groups>
    <test started-at="2024-07-19T21:16:38 PDT" name="Default test" finished-at="2024-07-19T21:16:50 PDT" duration-ms="11769">
      <class name="com.bhanuEmbroideries.qa.test.login.BELoginUnitTC">
        <test-method is-config="true" signature="openBrowser()[pri:0, instance:com.bhanuEmbroideries.qa.test.login.BELoginUnitTC@1817f1eb]" started-at="2024-07-19T21:16:38 PDT" name="openBrowser" finished-at="2024-07-19T21:16:48 PDT" duration-ms="10102" status="PASS">
          <reporter-output>
          </reporter-output>
        </test-method> <!-- openBrowser -->
        <test-method is-config="true" signature="loginToApp()[pri:0, instance:com.bhanuEmbroideries.qa.test.login.BELoginUnitTC@1817f1eb]" started-at="2024-07-19T21:16:48 PDT" name="loginToApp" finished-at="2024-07-19T21:16:50 PDT" duration-ms="1427" status="PASS">
          <reporter-output>
          </reporter-output>
        </test-method> <!-- loginToApp -->
        <test-method signature="SubmitEnquiryForm()[pri:0, instance:com.bhanuEmbroideries.qa.test.login.BELoginUnitTC@1817f1eb]" started-at="2024-07-19T21:16:50 PDT" name="SubmitEnquiryForm" finished-at="2024-07-19T21:16:50 PDT" duration-ms="86" status="PASS">
          <reporter-output>
          </reporter-output>
        </test-method> <!-- SubmitEnquiryForm -->
        <test-method is-config="true" signature="logoutFromApp(org.testng.ITestResult,java.lang.reflect.Method)[pri:0, instance:com.bhanuEmbroideries.qa.test.login.BELoginUnitTC@1817f1eb]" started-at="2024-07-19T21:16:50 PDT" name="logoutFromApp" finished-at="2024-07-19T21:16:50 PDT" duration-ms="30" status="PASS">
          <params>
            <param index="0">
              <value>
                <![CDATA[[TestResult name=SubmitEnquiryForm status=SUCCESS method=BELoginUnitTC.SubmitEnquiryForm()[pri:0, instance:com.bhanuEmbroideries.qa.test.login.BELoginUnitTC@1817f1eb] output={null}]]]>
              </value>
            </param>
            <param index="1">
              <value>
                <![CDATA[public void com.bhanuEmbroideries.qa.test.login.BELoginUnitTC.SubmitEnquiryForm() throws java.io.IOException,java.lang.InterruptedException]]>
              </value>
            </param>
          </params>
          <reporter-output>
          </reporter-output>
        </test-method> <!-- logoutFromApp -->
        <test-method is-config="true" signature="closeBrowser()[pri:0, instance:com.bhanuEmbroideries.qa.test.login.BELoginUnitTC@1817f1eb]" started-at="2024-07-19T21:16:50 PDT" name="closeBrowser" finished-at="2024-07-19T21:16:50 PDT" duration-ms="29" status="PASS">
          <reporter-output>
          </reporter-output>
        </test-method> <!-- closeBrowser -->
      </class> <!-- com.bhanuEmbroideries.qa.test.login.BELoginUnitTC -->
    </test> <!-- Default test -->
  </suite> <!-- Default suite -->
</testng-results>
